<?xml version="1.0" encoding="UTF-8"?>
<testng-results ignored="0" total="2" passed="2" failed="0" skipped="0">
  <reporter-output>
  </reporter-output>
  <suite started-at="2019-10-14T09:00:08 BST" name="Default suite" finished-at="2019-10-14T09:00:08 BST" duration-ms="46">
    <groups>
    </groups>
    <test started-at="2019-10-14T09:00:08 BST" name="Default test" finished-at="2019-10-14T09:00:08 BST" duration-ms="46">
      <class name="qaclickacademy.SeleniumTest">
        <test-method signature="BrowserAutomation()[pri:0, instance:qaclickacademy.SeleniumTest@3c153a1]" started-at="2019-10-14T09:00:08 BST" name="BrowserAutomation" finished-at="2019-10-14T09:00:08 BST" duration-ms="10" status="PASS">
          <reporter-output>
          </reporter-output>
        </test-method> <!-- BrowserAutomation -->
        <test-method signature="elementsUi()[pri:0, instance:qaclickacademy.SeleniumTest@3c153a1]" started-at="2019-10-14T09:00:08 BST" name="elementsUi" finished-at="2019-10-14T09:00:08 BST" duration-ms="1" status="PASS">
          <reporter-output>
          </reporter-output>
        </test-method> <!-- elementsUi -->
      </class> <!-- qaclickacademy.SeleniumTest -->
    </test> <!-- Default test -->
  </suite> <!-- Default suite -->
</testng-results>
